This file contains any messages produced by compilers while
running configure, to aid debugging if configure makes a mistake.

It was created by httpwatch configure 1.0, which was
generated by GNU Autoconf 2.69.  Invocation command line was

  $ ./configure --no-create --no-recursion

## --------- ##
## Platform. ##
## --------- ##

hostname = scratch-el7.tb.ife.onl
uname -m = x86_64
uname -r = 3.10.0-1160.53.1.el7.x86_64
uname -s = Linux
uname -v = #1 SMP Fri Jan 14 13:59:45 UTC 2022

/usr/bin/uname -p = x86_64
/bin/uname -X     = unknown

/bin/arch              = x86_64
/usr/bin/arch -k       = unknown
/usr/convex/getsysinfo = unknown
/usr/bin/hostinfo      = unknown
/bin/machine           = unknown
/usr/bin/oslevel       = unknown
/bin/universe          = unknown

PATH: /usr/local/bin
PATH: /usr/bin
PATH: /usr/local/sbin
PATH: /usr/sbin
PATH: /home/matthew/.local/bin
PATH: /home/matthew/bin


## ----------- ##
## Core tests. ##
## ----------- ##

configure:2185: checking for a BSD-compatible install
configure:2253: result: /usr/bin/install -c
configure:2264: checking whether build environment is sane
configure:2319: result: yes
configure:2470: checking for a thread-safe mkdir -p
configure:2509: result: /usr/bin/mkdir -p
configure:2516: checking for gawk
configure:2532: found /usr/bin/gawk
configure:2543: result: gawk
configure:2554: checking whether make sets $(MAKE)
configure:2576: result: yes
configure:2605: checking whether make supports nested variables
configure:2622: result: yes
configure:2736: checking build system type
configure:2750: result: x86_64-unknown-linux-gnu
configure:2770: checking host system type
configure:2783: result: x86_64-unknown-linux-gnu
configure:2824: checking how to print strings
configure:2851: result: printf
configure:2884: checking for style of include used by make
configure:2912: result: GNU
configure:2983: checking for gcc
configure:2999: found /usr/bin/gcc
configure:3010: result: gcc
configure:3239: checking for C compiler version
configure:3248: gcc --version >&5
gcc (GCC) 4.8.5 20150623 (Red Hat 4.8.5-44)
Copyright (C) 2015 Free Software Foundation, Inc.
This is free software; see the source for copying conditions.  There is NO
warranty; not even for MERCHANTABILITY or FITNESS FOR A PARTICULAR PURPOSE.

configure:3259: $? = 0
configure:3248: gcc -v >&5
Using built-in specs.
COLLECT_GCC=gcc
COLLECT_LTO_WRAPPER=/usr/libexec/gcc/x86_64-redhat-linux/4.8.5/lto-wrapper
Target: x86_64-redhat-linux
Configured with: ../configure --prefix=/usr --mandir=/usr/share/man --infodir=/usr/share/info --with-bugurl=http://bugzilla.redhat.com/bugzilla --enable-bootstrap --enable-shared --enable-threads=posix --enable-checking=release --with-system-zlib --enable-__cxa_atexit --disable-libunwind-exceptions --enable-gnu-unique-object --enable-linker-build-id --with-linker-hash-style=gnu --enable-languages=c,c++,objc,obj-c++,java,fortran,ada,go,lto --enable-plugin --enable-initfini-array --disable-libgcj --with-isl=/builddir/build/BUILD/gcc-4.8.5-20150702/obj-x86_64-redhat-linux/isl-install --with-cloog=/builddir/build/BUILD/gcc-4.8.5-20150702/obj-x86_64-redhat-linux/cloog-install --enable-gnu-indirect-function --with-tune=generic --with-arch_32=x86-64 --build=x86_64-redhat-linux
Thread model: posix
gcc version 4.8.5 20150623 (Red Hat 4.8.5-44) (GCC) 
configure:3259: $? = 0
configure:3248: gcc -V >&5
gcc: error: unrecognized command line option '-V'
gcc: fatal error: no input files
compilation terminated.
configure:3259: $? = 4
configure:3248: gcc -qversion >&5
gcc: error: unrecognized command line option '-qversion'
gcc: fatal error: no input files
compilation terminated.
configure:3259: $? = 4
configure:3279: checking whether the C compiler works
configure:3301: gcc    conftest.c  >&5
configure:3305: $? = 0
configure:3353: result: yes
configure:3356: checking for C compiler default output file name
configure:3358: result: a.out
configure:3364: checking for suffix of executables
configure:3371: gcc -o conftest    conftest.c  >&5
configure:3375: $? = 0
configure:3397: result: 
configure:3419: checking whether we are cross compiling
configure:3427: gcc -o conftest    conftest.c  >&5
configure:3431: $? = 0
configure:3438: ./conftest
configure:3442: $? = 0
configure:3457: result: no
configure:3462: checking for suffix of object files
configure:3484: gcc -c   conftest.c >&5
configure:3488: $? = 0
configure:3509: result: o
configure:3513: checking whether we are using the GNU C compiler
configure:3532: gcc -c   conftest.c >&5
configure:3532: $? = 0
configure:3541: result: yes
configure:3550: checking whether gcc accepts -g
configure:3570: gcc -c -g  conftest.c >&5
configure:3570: $? = 0
configure:3611: result: yes
configure:3628: checking for gcc option to accept ISO C89
configure:3691: gcc  -c -g -O2  conftest.c >&5
configure:3691: $? = 0
configure:3704: result: none needed
configure:3726: checking dependency style of gcc
configure:3837: result: gcc3
configure:3852: checking for a sed that does not truncate output
configure:3916: result: /usr/bin/sed
configure:3934: checking for grep that handles long lines and -e
configure:3992: result: /usr/bin/grep
configure:3997: checking for egrep
configure:4059: result: /usr/bin/grep -E
configure:4064: checking for fgrep
configure:4126: result: /usr/bin/grep -F
configure:4161: checking for ld used by gcc
configure:4228: result: /usr/bin/ld
configure:4235: checking if the linker (/usr/bin/ld) is GNU ld
configure:4250: result: yes
configure:4262: checking for BSD- or MS-compatible name lister (nm)
configure:4311: result: /usr/bin/nm -B
configure:4441: checking the name lister (/usr/bin/nm -B) interface
configure:4448: gcc -c -g -O2  conftest.c >&5
configure:4451: /usr/bin/nm -B "conftest.o"
configure:4454: output
0000000000000000 B some_variable
configure:4461: result: BSD nm
configure:4464: checking whether ln -s works
configure:4468: result: yes
configure:4476: checking the maximum length of command line arguments
configure:4606: result: 1572864
configure:4623: checking whether the shell understands some XSI constructs
configure:4633: result: yes
configure:4637: checking whether the shell understands "+="
configure:4643: result: yes
configure:4678: checking how to convert x86_64-unknown-linux-gnu file names to x86_64-unknown-linux-gnu format
configure:4718: result: func_convert_file_noop
configure:4725: checking how to convert x86_64-unknown-linux-gnu file names to toolchain format
configure:4745: result: func_convert_file_noop
configure:4752: checking for /usr/bin/ld option to reload object files
configure:4759: result: -r
configure:4833: checking for objdump
configure:4849: found /usr/bin/objdump
configure:4860: result: objdump
configure:4892: checking how to recognize dependent libraries
configure:5094: result: pass_all
configure:5179: checking for dlltool
configure:5209: result: no
configure:5239: checking how to associate runtime and link libraries
configure:5266: result: printf %s\n
configure:5327: checking for ar
configure:5343: found /usr/bin/ar
configure:5354: result: ar
configure:5391: checking for archiver @FILE support
configure:5408: gcc -c -g -O2  conftest.c >&5
configure:5408: $? = 0
configure:5411: ar cru libconftest.a @conftest.lst >&5
configure:5414: $? = 0
configure:5419: ar cru libconftest.a @conftest.lst >&5
ar: conftest.o: No such file or directory
configure:5422: $? = 1
configure:5434: result: @
configure:5492: checking for strip
configure:5508: found /usr/bin/strip
configure:5519: result: strip
configure:5591: checking for ranlib
configure:5607: found /usr/bin/ranlib
configure:5618: result: ranlib
configure:5720: checking command to parse /usr/bin/nm -B output from gcc object
configure:5840: gcc -c -g -O2  conftest.c >&5
configure:5843: $? = 0
configure:5847: /usr/bin/nm -B conftest.o \| sed -n -e 's/^.*[ ]\([ABCDGIRSTW][ABCDGIRSTW]*\)[ ][ ]*\([_A-Za-z][_A-Za-z0-9]*\)$/\1 \2 \2/p' | sed '/ __gnu_lto/d' \> conftest.nm
configure:5850: $? = 0
configure:5916: gcc -o conftest -g -O2   conftest.c conftstm.o >&5
configure:5919: $? = 0
configure:5957: result: ok
configure:5994: checking for sysroot
configure:6024: result: no
configure:6101: gcc -c -g -O2  conftest.c >&5
configure:6104: $? = 0
configure:6280: checking for mt
configure:6310: result: no
configure:6330: checking if : is a manifest tool
configure:6336: : '-?'
configure:6344: result: no
configure:6986: checking how to run the C preprocessor
configure:7017: gcc -E  conftest.c
configure:7017: $? = 0
configure:7031: gcc -E  conftest.c
conftest.c:11:28: fatal error: ac_nonexistent.h: No such file or directory
 #include <ac_nonexistent.h>
                            ^
compilation terminated.
configure:7031: $? = 1
configure: failed program was:
| /* confdefs.h */
| #define PACKAGE_NAME "httpwatch"
| #define PACKAGE_TARNAME "httpwatch"
| #define PACKAGE_VERSION "1.0"
| #define PACKAGE_STRING "httpwatch 1.0"
| #define PACKAGE_BUGREPORT "matthew@ife.onl"
| #define PACKAGE_URL ""
| #define PACKAGE "httpwatch"
| #define VERSION "1.0"
| /* end confdefs.h.  */
| #include <ac_nonexistent.h>
configure:7056: result: gcc -E
configure:7076: gcc -E  conftest.c
configure:7076: $? = 0
configure:7090: gcc -E  conftest.c
conftest.c:11:28: fatal error: ac_nonexistent.h: No such file or directory
 #include <ac_nonexistent.h>
                            ^
compilation terminated.
configure:7090: $? = 1
configure: failed program was:
| /* confdefs.h */
| #define PACKAGE_NAME "httpwatch"
| #define PACKAGE_TARNAME "httpwatch"
| #define PACKAGE_VERSION "1.0"
| #define PACKAGE_STRING "httpwatch 1.0"
| #define PACKAGE_BUGREPORT "matthew@ife.onl"
| #define PACKAGE_URL ""
| #define PACKAGE "httpwatch"
| #define VERSION "1.0"
| /* end confdefs.h.  */
| #include <ac_nonexistent.h>
configure:7119: checking for ANSI C header files
configure:7139: gcc -c -g -O2  conftest.c >&5
configure:7139: $? = 0
configure:7212: gcc -o conftest -g -O2   conftest.c  >&5
configure:7212: $? = 0
configure:7212: ./conftest
configure:7212: $? = 0
configure:7223: result: yes
configure:7236: checking for sys/types.h
configure:7236: gcc -c -g -O2  conftest.c >&5
configure:7236: $? = 0
configure:7236: result: yes
configure:7236: checking for sys/stat.h
configure:7236: gcc -c -g -O2  conftest.c >&5
configure:7236: $? = 0
configure:7236: result: yes
configure:7236: checking for stdlib.h
configure:7236: gcc -c -g -O2  conftest.c >&5
configure:7236: $? = 0
configure:7236: result: yes
configure:7236: checking for string.h
configure:7236: gcc -c -g -O2  conftest.c >&5
configure:7236: $? = 0
configure:7236: result: yes
configure:7236: checking for memory.h
configure:7236: gcc -c -g -O2  conftest.c >&5
configure:7236: $? = 0
configure:7236: result: yes
configure:7236: checking for strings.h
configure:7236: gcc -c -g -O2  conftest.c >&5
configure:7236: $? = 0
configure:7236: result: yes
configure:7236: checking for inttypes.h
configure:7236: gcc -c -g -O2  conftest.c >&5
configure:7236: $? = 0
configure:7236: result: yes
configure:7236: checking for stdint.h
configure:7236: gcc -c -g -O2  conftest.c >&5
configure:7236: $? = 0
configure:7236: result: yes
configure:7236: checking for unistd.h
configure:7236: gcc -c -g -O2  conftest.c >&5
configure:7236: $? = 0
configure:7236: result: yes
configure:7250: checking for dlfcn.h
configure:7250: gcc -c -g -O2  conftest.c >&5
configure:7250: $? = 0
configure:7250: result: yes
configure:7456: checking for objdir
configure:7471: result: .libs
configure:7738: checking if gcc supports -fno-rtti -fno-exceptions
configure:7756: gcc -c -g -O2  -fno-rtti -fno-exceptions conftest.c >&5
cc1: warning: command line option '-fno-rtti' is valid for C++/ObjC++ but not for C [enabled by default]
configure:7760: $? = 0
configure:7773: result: no
configure:8100: checking for gcc option to produce PIC
configure:8107: result: -fPIC -DPIC
configure:8115: checking if gcc PIC flag -fPIC -DPIC works
configure:8133: gcc -c -g -O2  -fPIC -DPIC -DPIC conftest.c >&5
configure:8137: $? = 0
configure:8150: result: yes
configure:8179: checking if gcc static flag -static works
configure:8207: result: no
configure:8222: checking if gcc supports -c -o file.o
configure:8243: gcc -c -g -O2  -o out/conftest2.o conftest.c >&5
configure:8247: $? = 0
configure:8269: result: yes
configure:8277: checking if gcc supports -c -o file.o
configure:8324: result: yes
configure:8357: checking whether the gcc linker (/usr/bin/ld -m elf_x86_64) supports shared libraries
configure:9510: result: yes
configure:9547: checking whether -lc should be explicitly linked in
configure:9555: gcc -c -g -O2  conftest.c >&5
configure:9558: $? = 0
configure:9573: gcc -shared  -fPIC -DPIC conftest.o  -v -Wl,-soname -Wl,conftest -o conftest 2\>\&1 \| /usr/bin/grep  -lc  \>/dev/null 2\>\&1
configure:9576: $? = 0
configure:9590: result: no
configure:9750: checking dynamic linker characteristics
configure:10261: gcc -o conftest -g -O2   -Wl,-rpath -Wl,/foo conftest.c  >&5
configure:10261: $? = 0
configure:10487: result: GNU/Linux ld.so
configure:10594: checking how to hardcode library paths into programs
configure:10619: result: immediate
configure:11159: checking whether stripping libraries is possible
configure:11164: result: yes
configure:11199: checking if libtool supports shared libraries
configure:11201: result: yes
configure:11204: checking whether to build shared libraries
configure:11225: result: yes
configure:11228: checking whether to build static libraries
configure:11232: result: yes
configure:11317: checking for gcc
configure:11344: result: gcc
configure:11573: checking for C compiler version
configure:11582: gcc --version >&5
gcc (GCC) 4.8.5 20150623 (Red Hat 4.8.5-44)
Copyright (C) 2015 Free Software Foundation, Inc.
This is free software; see the source for copying conditions.  There is NO
warranty; not even for MERCHANTABILITY or FITNESS FOR A PARTICULAR PURPOSE.

configure:11593: $? = 0
configure:11582: gcc -v >&5
Using built-in specs.
COLLECT_GCC=gcc
COLLECT_LTO_WRAPPER=/usr/libexec/gcc/x86_64-redhat-linux/4.8.5/lto-wrapper
Target: x86_64-redhat-linux
Configured with: ../configure --prefix=/usr --mandir=/usr/share/man --infodir=/usr/share/info --with-bugurl=http://bugzilla.redhat.com/bugzilla --enable-bootstrap --enable-shared --enable-threads=posix --enable-checking=release --with-system-zlib --enable-__cxa_atexit --disable-libunwind-exceptions --enable-gnu-unique-object --enable-linker-build-id --with-linker-hash-style=gnu --enable-languages=c,c++,objc,obj-c++,java,fortran,ada,go,lto --enable-plugin --enable-initfini-array --disable-libgcj --with-isl=/builddir/build/BUILD/gcc-4.8.5-20150702/obj-x86_64-redhat-linux/isl-install --with-cloog=/builddir/build/BUILD/gcc-4.8.5-20150702/obj-x86_64-redhat-linux/cloog-install --enable-gnu-indirect-function --with-tune=generic --with-arch_32=x86-64 --build=x86_64-redhat-linux
Thread model: posix
gcc version 4.8.5 20150623 (Red Hat 4.8.5-44) (GCC) 
configure:11593: $? = 0
configure:11582: gcc -V >&5
gcc: error: unrecognized command line option '-V'
gcc: fatal error: no input files
compilation terminated.
configure:11593: $? = 4
configure:11582: gcc -qversion >&5
gcc: error: unrecognized command line option '-qversion'
gcc: fatal error: no input files
compilation terminated.
configure:11593: $? = 4
configure:11597: checking whether we are using the GNU C compiler
configure:11625: result: yes
configure:11634: checking whether gcc accepts -g
configure:11695: result: yes
configure:11712: checking for gcc option to accept ISO C89
configure:11788: result: none needed
configure:11810: checking dependency style of gcc
configure:11921: result: gcc3
configure:11993: checking for pkg-config
configure:12011: found /usr/bin/pkg-config
configure:12023: result: /usr/bin/pkg-config
configure:12048: checking pkg-config is at least version 0.9.0
configure:12051: result: yes
configure:12061: checking for CURL
configure:12068: $PKG_CONFIG --exists --print-errors "libcurl"
configure:12071: $? = 0
configure:12085: $PKG_CONFIG --exists --print-errors "libcurl"
configure:12088: $? = 0
configure:12146: result: yes
configure:12152: checking for CAPNG
configure:12159: $PKG_CONFIG --exists --print-errors "libcap-ng"
configure:12162: $? = 0
configure:12176: $PKG_CONFIG --exists --print-errors "libcap-ng"
configure:12179: $? = 0
configure:12237: result: yes
configure:12357: checking that generated files are newer than configure
configure:12363: result: done
configure:12390: creating ./config.status

## ---------------- ##
## Cache variables. ##
## ---------------- ##

ac_cv_build=x86_64-unknown-linux-gnu
ac_cv_c_compiler_gnu=yes
ac_cv_env_CAPNG_CFLAGS_set=
ac_cv_env_CAPNG_CFLAGS_value=
ac_cv_env_CAPNG_LIBS_set=
ac_cv_env_CAPNG_LIBS_value=
ac_cv_env_CC_set=
ac_cv_env_CC_value=
ac_cv_env_CFLAGS_set=
ac_cv_env_CFLAGS_value=
ac_cv_env_CPPFLAGS_set=
ac_cv_env_CPPFLAGS_value=
ac_cv_env_CPP_set=
ac_cv_env_CPP_value=
ac_cv_env_CURL_CFLAGS_set=
ac_cv_env_CURL_CFLAGS_value=
ac_cv_env_CURL_LIBS_set=
ac_cv_env_CURL_LIBS_value=
ac_cv_env_LDFLAGS_set=
ac_cv_env_LDFLAGS_value=
ac_cv_env_LIBS_set=
ac_cv_env_LIBS_value=
ac_cv_env_PKG_CONFIG_LIBDIR_set=
ac_cv_env_PKG_CONFIG_LIBDIR_value=
ac_cv_env_PKG_CONFIG_PATH_set=
ac_cv_env_PKG_CONFIG_PATH_value=
ac_cv_env_PKG_CONFIG_set=
ac_cv_env_PKG_CONFIG_value=
ac_cv_env_build_alias_set=
ac_cv_env_build_alias_value=
ac_cv_env_host_alias_set=
ac_cv_env_host_alias_value=
ac_cv_env_target_alias_set=
ac_cv_env_target_alias_value=
ac_cv_header_dlfcn_h=yes
ac_cv_header_inttypes_h=yes
ac_cv_header_memory_h=yes
ac_cv_header_stdc=yes
ac_cv_header_stdint_h=yes
ac_cv_header_stdlib_h=yes
ac_cv_header_string_h=yes
ac_cv_header_strings_h=yes
ac_cv_header_sys_stat_h=yes
ac_cv_header_sys_types_h=yes
ac_cv_header_unistd_h=yes
ac_cv_host=x86_64-unknown-linux-gnu
ac_cv_objext=o
ac_cv_path_EGREP='/usr/bin/grep -E'
ac_cv_path_FGREP='/usr/bin/grep -F'
ac_cv_path_GREP=/usr/bin/grep
ac_cv_path_SED=/usr/bin/sed
ac_cv_path_ac_pt_PKG_CONFIG=/usr/bin/pkg-config
ac_cv_path_install='/usr/bin/install -c'
ac_cv_path_mkdir=/usr/bin/mkdir
ac_cv_prog_AWK=gawk
ac_cv_prog_CPP='gcc -E'
ac_cv_prog_ac_ct_AR=ar
ac_cv_prog_ac_ct_CC=gcc
ac_cv_prog_ac_ct_OBJDUMP=objdump
ac_cv_prog_ac_ct_RANLIB=ranlib
ac_cv_prog_ac_ct_STRIP=strip
ac_cv_prog_cc_c89=
ac_cv_prog_cc_g=yes
ac_cv_prog_make_make_set=yes
am_cv_CC_dependencies_compiler_type=gcc3
am_cv_make_support_nested_variables=yes
lt_cv_ar_at_file=@
lt_cv_archive_cmds_need_lc=no
lt_cv_deplibs_check_method=pass_all
lt_cv_file_magic_cmd='$MAGIC_CMD'
lt_cv_file_magic_test_file=
lt_cv_ld_reload_flag=-r
lt_cv_nm_interface='BSD nm'
lt_cv_objdir=.libs
lt_cv_path_LD=/usr/bin/ld
lt_cv_path_NM='/usr/bin/nm -B'
lt_cv_path_mainfest_tool=no
lt_cv_prog_compiler_c_o=yes
lt_cv_prog_compiler_pic='-fPIC -DPIC'
lt_cv_prog_compiler_pic_works=yes
lt_cv_prog_compiler_rtti_exceptions=no
lt_cv_prog_compiler_static_works=no
lt_cv_prog_gnu_ld=yes
lt_cv_sharedlib_from_linklib_cmd='printf %s\n'
lt_cv_shlibpath_overrides_runpath=no
lt_cv_sys_global_symbol_pipe='sed -n -e '\''s/^.*[	 ]\([ABCDGIRSTW][ABCDGIRSTW]*\)[	 ][	 ]*\([_A-Za-z][_A-Za-z0-9]*\)$/\1 \2 \2/p'\'' | sed '\''/ __gnu_lto/d'\'''
lt_cv_sys_global_symbol_to_c_name_address='sed -n -e '\''s/^: \([^ ]*\)[ ]*$/  {\"\1\", (void *) 0},/p'\'' -e '\''s/^[ABCDGIRSTW]* \([^ ]*\) \([^ ]*\)$/  {"\2", (void *) \&\2},/p'\'''
lt_cv_sys_global_symbol_to_c_name_address_lib_prefix='sed -n -e '\''s/^: \([^ ]*\)[ ]*$/  {\"\1\", (void *) 0},/p'\'' -e '\''s/^[ABCDGIRSTW]* \([^ ]*\) \(lib[^ ]*\)$/  {"\2", (void *) \&\2},/p'\'' -e '\''s/^[ABCDGIRSTW]* \([^ ]*\) \([^ ]*\)$/  {"lib\2", (void *) \&\2},/p'\'''
lt_cv_sys_global_symbol_to_cdecl='sed -n -e '\''s/^T .* \(.*\)$/extern int \1();/p'\'' -e '\''s/^[ABCDGIRSTW]* .* \(.*\)$/extern char \1;/p'\'''
lt_cv_sys_max_cmd_len=1572864
lt_cv_to_host_file_cmd=func_convert_file_noop
lt_cv_to_tool_file_cmd=func_convert_file_noop
pkg_cv_CAPNG_CFLAGS=' '
pkg_cv_CAPNG_LIBS='-L/lib64 -lcap-ng  '
pkg_cv_CURL_CFLAGS=' '
pkg_cv_CURL_LIBS='-lcurl  '

## ----------------- ##
## Output variables. ##
## ----------------- ##

ACLOCAL='${SHELL} /home/matthew/Testbed/httpwatch/missing aclocal-1.13'
AMDEPBACKSLASH='\'
AMDEP_FALSE='#'
AMDEP_TRUE=''
AMTAR='$${TAR-tar}'
AM_BACKSLASH='\'
AM_CPPFLAGS='-D_GNU_SOURCE'
AM_DEFAULT_V='$(AM_DEFAULT_VERBOSITY)'
AM_DEFAULT_VERBOSITY='1'
AM_V='$(V)'
AR='ar'
AUTOCONF='${SHELL} /home/matthew/Testbed/httpwatch/missing autoconf'
AUTOHEADER='${SHELL} /home/matthew/Testbed/httpwatch/missing autoheader'
AUTOMAKE='${SHELL} /home/matthew/Testbed/httpwatch/missing automake-1.13'
AWK='gawk'
CAPNG_CFLAGS=' '
CAPNG_LIBS='-L/lib64 -lcap-ng  '
CC='gcc'
CCDEPMODE='depmode=gcc3'
CFLAGS='-g -O2 -std=c99'
CPP='gcc -E'
CPPFLAGS=''
CURL_CFLAGS=' '
CURL_LIBS='-lcurl  '
CYGPATH_W='echo'
DEFS='-DHAVE_CONFIG_H'
DEPDIR='.deps'
DLLTOOL='false'
DSYMUTIL=''
DUMPBIN=''
ECHO_C=''
ECHO_N='-n'
ECHO_T=''
EGREP='/usr/bin/grep -E'
EXEEXT=''
FGREP='/usr/bin/grep -F'
GREP='/usr/bin/grep'
INSTALL_DATA='${INSTALL} -m 644'
INSTALL_PROGRAM='${INSTALL}'
INSTALL_SCRIPT='${INSTALL}'
INSTALL_STRIP_PROGRAM='$(install_sh) -c -s'
LD='/usr/bin/ld -m elf_x86_64'
LDFLAGS=''
LIBOBJS=''
LIBS=''
LIBTOOL='$(SHELL) $(top_builddir)/libtool'
LIPO=''
LN_S='ln -s'
LTLIBOBJS=''
MAKEINFO='${SHELL} /home/matthew/Testbed/httpwatch/missing makeinfo'
MANIFEST_TOOL=':'
MKDIR_P='/usr/bin/mkdir -p'
NM='/usr/bin/nm -B'
NMEDIT=''
OBJDUMP='objdump'
OBJEXT='o'
OTOOL64=''
OTOOL=''
PACKAGE='httpwatch'
PACKAGE_BUGREPORT='matthew@ife.onl'
PACKAGE_NAME='httpwatch'
PACKAGE_STRING='httpwatch 1.0'
PACKAGE_TARNAME='httpwatch'
PACKAGE_URL=''
PACKAGE_VERSION='1.0'
PATH_SEPARATOR=':'
PKG_CONFIG='/usr/bin/pkg-config'
PKG_CONFIG_LIBDIR=''
PKG_CONFIG_PATH=''
RANLIB='ranlib'
SED='/usr/bin/sed'
SET_MAKE=''
SHELL='/bin/sh'
STRIP='strip'
VERSION='1.0'
ac_ct_AR='ar'
ac_ct_CC='gcc'
ac_ct_DUMPBIN=''
am__EXEEXT_FALSE=''
am__EXEEXT_TRUE='#'
am__fastdepCC_FALSE='#'
am__fastdepCC_TRUE=''
am__include='include'
am__isrc=''
am__leading_dot='.'
am__nodep='_no'
am__quote=''
am__tar='$${TAR-tar} chof - "$$tardir"'
am__untar='$${TAR-tar} xf -'
bindir='${exec_prefix}/bin'
build='x86_64-unknown-linux-gnu'
build_alias=''
build_cpu='x86_64'
build_os='linux-gnu'
build_vendor='unknown'
datadir='${datarootdir}'
datarootdir='${prefix}/share'
docdir='${datarootdir}/doc/${PACKAGE_TARNAME}'
dvidir='${docdir}'
exec_prefix='${prefix}'
host='x86_64-unknown-linux-gnu'
host_alias=''
host_cpu='x86_64'
host_os='linux-gnu'
host_vendor='unknown'
htmldir='${docdir}'
includedir='${prefix}/include'
infodir='${datarootdir}/info'
install_sh='${SHELL} /home/matthew/Testbed/httpwatch/install-sh'
libdir='${exec_prefix}/lib'
libexecdir='${exec_prefix}/libexec'
localedir='${datarootdir}/locale'
localstatedir='${prefix}/var'
mandir='${datarootdir}/man'
mkdir_p='$(MKDIR_P)'
oldincludedir='/usr/include'
pdfdir='${docdir}'
prefix='/usr/local'
program_transform_name='s,x,x,'
psdir='${docdir}'
sbindir='${exec_prefix}/sbin'
sharedstatedir='${prefix}/com'
sysconfdir='${prefix}/etc'
target_alias=''

## ----------- ##
## confdefs.h. ##
## ----------- ##

/* confdefs.h */
#define PACKAGE_NAME "httpwatch"
#define PACKAGE_TARNAME "httpwatch"
#define PACKAGE_VERSION "1.0"
#define PACKAGE_STRING "httpwatch 1.0"
#define PACKAGE_BUGREPORT "matthew@ife.onl"
#define PACKAGE_URL ""
#define PACKAGE "httpwatch"
#define VERSION "1.0"
#define STDC_HEADERS 1
#define HAVE_SYS_TYPES_H 1
#define HAVE_SYS_STAT_H 1
#define HAVE_STDLIB_H 1
#define HAVE_STRING_H 1
#define HAVE_MEMORY_H 1
#define HAVE_STRINGS_H 1
#define HAVE_INTTYPES_H 1
#define HAVE_STDINT_H 1
#define HAVE_UNISTD_H 1
#define HAVE_DLFCN_H 1
#define LT_OBJDIR ".libs/"

configure: exit 0

## ---------------------- ##
## Running config.status. ##
## ---------------------- ##

This file was extended by httpwatch config.status 1.0, which was
generated by GNU Autoconf 2.69.  Invocation command line was

  CONFIG_FILES    = 
  CONFIG_HEADERS  = 
  CONFIG_LINKS    = 
  CONFIG_COMMANDS = 
  $ ./config.status 

on scratch-el7.tb.ife.onl

config.status:1089: creating Makefile
config.status:1089: creating ini/Makefile
config.status:1089: creating config.ac.h
config.status:1270: config.ac.h is unchanged
config.status:1318: executing depfiles commands
config.status:1318: executing libtool commands

## ---------------------- ##
## Running config.status. ##
## ---------------------- ##

This file was extended by httpwatch config.status 1.0, which was
generated by GNU Autoconf 2.69.  Invocation command line was

  CONFIG_FILES    = 
  CONFIG_HEADERS  = 
  CONFIG_LINKS    = 
  CONFIG_COMMANDS = 
  $ ./config.status config.ac.h

on scratch-el7.tb.ife.onl

config.status:1089: creating config.ac.h
config.status:1270: config.ac.h is unchanged
